<?xml version="1.0" encoding="UTF-8"?>
<testsuite name="CashDrawerTest" tests="4" skipped="0" failures="0" errors="0" timestamp="2022-01-22T00:20:42" hostname="Jordans-MacBook-Pro.local" time="0.031">
  <properties/>
  <testcase name="gettersAndSettersTest()" classname="CashDrawerTest" time="0.028"/>
  <testcase name="putBillsInCashDrawer()" classname="CashDrawerTest" time="0.0"/>
  <testcase name="takeBillsFromCashDrawerWithValues()" classname="CashDrawerTest" time="0.0"/>
  <testcase name="takeBillsFromCashDrawer_Throws_InvalidAmountException()" classname="CashDrawerTest" time="0.0"/>
  <system-out><![CDATA[]]></system-out>
  <system-err><![CDATA[]]></system-err>
</testsuite>
