<?xml version="1.0" encoding="UTF-8"?>
<testsuite name="MainTest" tests="11" skipped="0" failures="0" errors="0" timestamp="2022-01-23T02:52:19" hostname="Jordans-MacBook-Pro.local" time="0.656">
  <properties/>
  <testcase name="runMain_CorrectOutput()" classname="MainTest" time="0.621"/>
  <testcase name="testIsValid_InvalidInput()" classname="MainTest" time="0.007"/>
  <testcase name="testProcessInput_InvalidInputRange()" classname="MainTest" time="0.003"/>
  <testcase name="testIsValidHigherRange_ValidInput()" classname="MainTest" time="0.003"/>
  <testcase name="testIsValidHigherRange_InvalidInput()" classname="MainTest" time="0.004"/>
  <testcase name="testCustomException()" classname="MainTest" time="0.003"/>
  <testcase name="testProcessInput_ValidInput()" classname="MainTest" time="0.003"/>
  <testcase name="testVerifyNoNegativeNumbers_ValidInput()" classname="MainTest" time="0.003"/>
  <testcase name="testVerifyNoNegativeNumbers_InalidInput()" classname="MainTest" time="0.003"/>
  <testcase name="testIsValid_ValidInput()" classname="MainTest" time="0.003"/>
  <testcase name="testProcessInput_InvalidInputLetter()" classname="MainTest" time="0.002"/>
  <system-out><![CDATA[19:52:16.100 [Test worker] DEBUG org.springframework.test.context.BootstrapUtils - Instantiating CacheAwareContextLoaderDelegate from class [org.springframework.test.context.cache.DefaultCacheAwareContextLoaderDelegate]
19:52:16.107 [Test worker] DEBUG org.springframework.test.context.BootstrapUtils - Instantiating BootstrapContext using constructor [public org.springframework.test.context.support.DefaultBootstrapContext(java.lang.Class,org.springframework.test.context.CacheAwareContextLoaderDelegate)]
19:52:16.121 [Test worker] DEBUG org.springframework.test.context.BootstrapUtils - Instantiating TestContextBootstrapper for test class [MainTest] from class [org.springframework.boot.test.context.SpringBootTestContextBootstrapper]
19:52:16.129 [Test worker] INFO org.springframework.boot.test.context.SpringBootTestContextBootstrapper - Neither @ContextConfiguration nor @ContextHierarchy found for test class [MainTest], using SpringBootContextLoader
19:52:16.131 [Test worker] DEBUG org.springframework.test.context.support.AbstractContextLoader - Did not detect default resource location for test class [MainTest]: class path resource [MainTest-context.xml] does not exist
19:52:16.132 [Test worker] DEBUG org.springframework.test.context.support.AbstractContextLoader - Did not detect default resource location for test class [MainTest]: class path resource [MainTestContext.groovy] does not exist
19:52:16.132 [Test worker] INFO org.springframework.test.context.support.AbstractContextLoader - Could not detect default resource locations for test class [MainTest]: no resource found for suffixes {-context.xml, Context.groovy}.
19:52:16.162 [Test worker] DEBUG org.springframework.test.context.support.ActiveProfilesUtils - Could not find an 'annotation declaring class' for annotation type [org.springframework.test.context.ActiveProfiles] and class [MainTest]
19:52:16.253 [Test worker] DEBUG org.springframework.boot.test.context.SpringBootTestContextBootstrapper - @TestExecutionListeners is not present for class [MainTest]: using defaults.
19:52:16.253 [Test worker] INFO org.springframework.boot.test.context.SpringBootTestContextBootstrapper - Loaded default TestExecutionListener class names from location [META-INF/spring.factories]: [org.springframework.boot.test.autoconfigure.restdocs.RestDocsTestExecutionListener, org.springframework.boot.test.autoconfigure.web.client.MockRestServiceServerResetTestExecutionListener, org.springframework.boot.test.autoconfigure.web.servlet.MockMvcPrintOnlyOnFailureTestExecutionListener, org.springframework.boot.test.autoconfigure.web.servlet.WebDriverTestExecutionListener, org.springframework.boot.test.autoconfigure.webservices.client.MockWebServiceServerTestExecutionListener, org.springframework.boot.test.mock.mockito.MockitoTestExecutionListener, org.springframework.boot.test.mock.mockito.ResetMocksTestExecutionListener, org.springframework.test.context.web.ServletTestExecutionListener, org.springframework.test.context.support.DirtiesContextBeforeModesTestExecutionListener, org.springframework.test.context.event.ApplicationEventsTestExecutionListener, org.springframework.test.context.support.DependencyInjectionTestExecutionListener, org.springframework.test.context.support.DirtiesContextTestExecutionListener, org.springframework.test.context.transaction.TransactionalTestExecutionListener, org.springframework.test.context.jdbc.SqlScriptsTestExecutionListener, org.springframework.test.context.event.EventPublishingTestExecutionListener]
19:52:16.265 [Test worker] INFO org.springframework.boot.test.context.SpringBootTestContextBootstrapper - Using TestExecutionListeners: [org.springframework.test.context.web.ServletTestExecutionListener@5d823c96, org.springframework.test.context.support.DirtiesContextBeforeModesTestExecutionListener@7a8e7601, org.springframework.test.context.event.ApplicationEventsTestExecutionListener@3b0969de, org.springframework.boot.test.mock.mockito.MockitoTestExecutionListener@303d38fd, org.springframework.boot.test.autoconfigure.SpringBootDependencyInjectionTestExecutionListener@7c17c4e0, org.springframework.test.context.support.DirtiesContextTestExecutionListener@75a09b1d, org.springframework.test.context.transaction.TransactionalTestExecutionListener@5174bee, org.springframework.test.context.jdbc.SqlScriptsTestExecutionListener@5cb47161, org.springframework.test.context.event.EventPublishingTestExecutionListener@1ec69ed3, org.springframework.boot.test.autoconfigure.restdocs.RestDocsTestExecutionListener@6fcf8665, org.springframework.boot.test.autoconfigure.web.client.MockRestServiceServerResetTestExecutionListener@50b8e849, org.springframework.boot.test.autoconfigure.web.servlet.MockMvcPrintOnlyOnFailureTestExecutionListener@2ff8b446, org.springframework.boot.test.autoconfigure.web.servlet.WebDriverTestExecutionListener@562976c, org.springframework.boot.test.autoconfigure.webservices.client.MockWebServiceServerTestExecutionListener@160dc50b, org.springframework.boot.test.mock.mockito.ResetMocksTestExecutionListener@1e08d23]
19:52:16.306 [Test worker] DEBUG org.springframework.boot.ApplicationServletEnvironment - Activating profiles []
19:52:16.307 [Test worker] DEBUG org.springframework.test.context.support.TestPropertySourceUtils - Adding inlined properties to environment: {spring.jmx.enabled=false, org.springframework.boot.test.context.SpringBootTestContextBootstrapper=true}

  .   ____          _            __ _ _
 /\\ / ___'_ __ _ _(_)_ __  __ _ \ \ \ \
( ( )\___ | '_ | '_| | '_ \/ _` | \ \ \ \
 \\/  ___)| |_)| | | | | || (_| |  ) ) ) )
  '  |____| .__|_| |_|_| |_\__, | / / / /
 =========|_|==============|___/=/_/_/_/
 :: Spring Boot ::                (v2.6.1)

2022-01-22 19:52:16.522  INFO 64377 --- [    Test worker] MainTest                                 : Starting MainTest using Java 11.0.12 on Jordans-MBP.home with PID 64377 (started by ? in /Users/jordanhanson/Developer/Practice/CashRegister)
2022-01-22 19:52:16.523  INFO 64377 --- [    Test worker] MainTest                                 : No active profile set, falling back to default profiles: default
2022-01-22 19:52:17.151  INFO 64377 --- [    Test worker] .s.d.r.c.RepositoryConfigurationDelegate : Bootstrapping Spring Data JPA repositories in DEFAULT mode.
2022-01-22 19:52:17.182  INFO 64377 --- [    Test worker] .s.d.r.c.RepositoryConfigurationDelegate : Finished Spring Data repository scanning in 25 ms. Found 1 JPA repository interfaces.
2022-01-22 19:52:17.584  INFO 64377 --- [    Test worker] o.hibernate.jpa.internal.util.LogHelper  : HHH000204: Processing PersistenceUnitInfo [name: default]
2022-01-22 19:52:17.631  INFO 64377 --- [    Test worker] org.hibernate.Version                    : HHH000412: Hibernate ORM core version 5.6.1.Final
2022-01-22 19:52:17.761  INFO 64377 --- [    Test worker] o.hibernate.annotations.common.Version   : HCANN000001: Hibernate Commons Annotations {5.1.2.Final}
2022-01-22 19:52:17.841  INFO 64377 --- [    Test worker] com.zaxxer.hikari.HikariDataSource       : HikariPool-1 - Starting...
2022-01-22 19:52:17.941  INFO 64377 --- [    Test worker] com.zaxxer.hikari.HikariDataSource       : HikariPool-1 - Start completed.
2022-01-22 19:52:17.966  INFO 64377 --- [    Test worker] org.hibernate.dialect.Dialect            : HHH000400: Using dialect: org.hibernate.dialect.H2Dialect
2022-01-22 19:52:18.425  INFO 64377 --- [    Test worker] o.h.e.t.j.p.i.JtaPlatformInitiator       : HHH000490: Using JtaPlatform implementation: [org.hibernate.engine.transaction.jta.platform.internal.NoJtaPlatform]
2022-01-22 19:52:18.432  INFO 64377 --- [    Test worker] j.LocalContainerEntityManagerFactoryBean : Initialized JPA EntityManagerFactory for persistence unit 'default'
2022-01-22 19:52:19.152  INFO 64377 --- [    Test worker] o.s.b.a.h2.H2ConsoleAutoConfiguration    : H2 console available at '/h2-console'. Database available at 'jdbc:h2:mem:testdb'
2022-01-22 19:52:19.404  INFO 64377 --- [    Test worker] MainTest                                 : Started MainTest in 3.094 seconds (JVM running for 3.889)
]]></system-out>
  <system-err><![CDATA[]]></system-err>
</testsuite>
