<?xml version="1.0" encoding="UTF-8"?>
<testsuite name="MainTest" tests="1" skipped="0" failures="0" errors="0" timestamp="2022-01-20T21:40:01" hostname="Jordans-MacBook-Pro.local" time="0.789">
  <properties/>
  <testcase name="runMain_CorrectOutput()" classname="MainTest" time="0.789"/>
  <system-out><![CDATA[14:40:00.047 [Test worker] DEBUG org.springframework.test.context.BootstrapUtils - Instantiating CacheAwareContextLoaderDelegate from class [org.springframework.test.context.cache.DefaultCacheAwareContextLoaderDelegate]
14:40:00.055 [Test worker] DEBUG org.springframework.test.context.BootstrapUtils - Instantiating BootstrapContext using constructor [public org.springframework.test.context.support.DefaultBootstrapContext(java.lang.Class,org.springframework.test.context.CacheAwareContextLoaderDelegate)]
14:40:00.071 [Test worker] DEBUG org.springframework.test.context.BootstrapUtils - Instantiating TestContextBootstrapper for test class [MainTest] from class [org.springframework.boot.test.context.SpringBootTestContextBootstrapper]
14:40:00.081 [Test worker] INFO org.springframework.boot.test.context.SpringBootTestContextBootstrapper - Neither @ContextConfiguration nor @ContextHierarchy found for test class [MainTest], using SpringBootContextLoader
14:40:00.083 [Test worker] DEBUG org.springframework.test.context.support.AbstractContextLoader - Did not detect default resource location for test class [MainTest]: class path resource [MainTest-context.xml] does not exist
14:40:00.083 [Test worker] DEBUG org.springframework.test.context.support.AbstractContextLoader - Did not detect default resource location for test class [MainTest]: class path resource [MainTestContext.groovy] does not exist
14:40:00.083 [Test worker] INFO org.springframework.test.context.support.AbstractContextLoader - Could not detect default resource locations for test class [MainTest]: no resource found for suffixes {-context.xml, Context.groovy}.
14:40:00.119 [Test worker] DEBUG org.springframework.test.context.support.ActiveProfilesUtils - Could not find an 'annotation declaring class' for annotation type [org.springframework.test.context.ActiveProfiles] and class [MainTest]
14:40:00.208 [Test worker] DEBUG org.springframework.boot.test.context.SpringBootTestContextBootstrapper - @TestExecutionListeners is not present for class [MainTest]: using defaults.
14:40:00.209 [Test worker] INFO org.springframework.boot.test.context.SpringBootTestContextBootstrapper - Loaded default TestExecutionListener class names from location [META-INF/spring.factories]: [org.springframework.boot.test.autoconfigure.restdocs.RestDocsTestExecutionListener, org.springframework.boot.test.autoconfigure.web.client.MockRestServiceServerResetTestExecutionListener, org.springframework.boot.test.autoconfigure.web.servlet.MockMvcPrintOnlyOnFailureTestExecutionListener, org.springframework.boot.test.autoconfigure.web.servlet.WebDriverTestExecutionListener, org.springframework.boot.test.autoconfigure.webservices.client.MockWebServiceServerTestExecutionListener, org.springframework.boot.test.mock.mockito.MockitoTestExecutionListener, org.springframework.boot.test.mock.mockito.ResetMocksTestExecutionListener, org.springframework.test.context.web.ServletTestExecutionListener, org.springframework.test.context.support.DirtiesContextBeforeModesTestExecutionListener, org.springframework.test.context.event.ApplicationEventsTestExecutionListener, org.springframework.test.context.support.DependencyInjectionTestExecutionListener, org.springframework.test.context.support.DirtiesContextTestExecutionListener, org.springframework.test.context.transaction.TransactionalTestExecutionListener, org.springframework.test.context.jdbc.SqlScriptsTestExecutionListener, org.springframework.test.context.event.EventPublishingTestExecutionListener]
14:40:00.221 [Test worker] DEBUG org.springframework.boot.test.context.SpringBootTestContextBootstrapper - Skipping candidate TestExecutionListener [org.springframework.test.context.transaction.TransactionalTestExecutionListener] due to a missing dependency. Specify custom listener classes or make the default listener classes and their required dependencies available. Offending class: [org/springframework/transaction/TransactionDefinition]
14:40:00.221 [Test worker] DEBUG org.springframework.boot.test.context.SpringBootTestContextBootstrapper - Skipping candidate TestExecutionListener [org.springframework.test.context.jdbc.SqlScriptsTestExecutionListener] due to a missing dependency. Specify custom listener classes or make the default listener classes and their required dependencies available. Offending class: [org/springframework/transaction/interceptor/TransactionAttribute]
14:40:00.222 [Test worker] INFO org.springframework.boot.test.context.SpringBootTestContextBootstrapper - Using TestExecutionListeners: [org.springframework.test.context.web.ServletTestExecutionListener@15c7f3e9, org.springframework.test.context.support.DirtiesContextBeforeModesTestExecutionListener@759e254e, org.springframework.test.context.event.ApplicationEventsTestExecutionListener@2f99a42d, org.springframework.boot.test.mock.mockito.MockitoTestExecutionListener@75eded51, org.springframework.boot.test.autoconfigure.SpringBootDependencyInjectionTestExecutionListener@5f1f00be, org.springframework.test.context.support.DirtiesContextTestExecutionListener@5b2ffa46, org.springframework.test.context.event.EventPublishingTestExecutionListener@39f585c2, org.springframework.boot.test.autoconfigure.restdocs.RestDocsTestExecutionListener@236860c8, org.springframework.boot.test.autoconfigure.web.client.MockRestServiceServerResetTestExecutionListener@4558eeb, org.springframework.boot.test.autoconfigure.web.servlet.MockMvcPrintOnlyOnFailureTestExecutionListener@208cb9ed, org.springframework.boot.test.autoconfigure.web.servlet.WebDriverTestExecutionListener@35c2f3ab, org.springframework.boot.test.autoconfigure.webservices.client.MockWebServiceServerTestExecutionListener@55ccabfb, org.springframework.boot.test.mock.mockito.ResetMocksTestExecutionListener@7d46457f]
14:40:00.271 [Test worker] DEBUG org.springframework.boot.ApplicationServletEnvironment - Activating profiles []
14:40:00.272 [Test worker] DEBUG org.springframework.test.context.support.TestPropertySourceUtils - Adding inlined properties to environment: {spring.jmx.enabled=false, org.springframework.boot.test.context.SpringBootTestContextBootstrapper=true}

  .   ____          _            __ _ _
 /\\ / ___'_ __ _ _(_)_ __  __ _ \ \ \ \
( ( )\___ | '_ | '_| | '_ \/ _` | \ \ \ \
 \\/  ___)| |_)| | | | | || (_| |  ) ) ) )
  '  |____| .__|_| |_|_| |_\__, | / / / /
 =========|_|==============|___/=/_/_/_/
 :: Spring Boot ::                (v2.6.1)

2022-01-20 14:40:00.495  INFO 91474 --- [    Test worker] MainTest                                 : Starting MainTest using Java 11.0.12 on Jordans-MacBook-Pro.local with PID 91474 (started by jordanhanson in /Users/jordanhanson/Developer/Practice/CashRegister)
2022-01-20 14:40:00.495  INFO 91474 --- [    Test worker] MainTest                                 : No active profile set, falling back to default profiles: default
2022-01-20 14:40:01.539  INFO 91474 --- [    Test worker] MainTest                                 : Started MainTest in 1.265 seconds (JVM running for 2.16)
]]></system-out>
  <system-err><![CDATA[]]></system-err>
</testsuite>
