<?xml version="1.0" encoding="UTF-8"?>
<testsuite name="MainTest" tests="1" skipped="0" failures="0" errors="0" timestamp="2022-01-19T16:29:08" hostname="Jordans-MacBook-Pro.local" time="0.291">
  <properties/>
  <testcase name="runMain_CorrectOutput()" classname="MainTest" time="0.291"/>
  <system-out><![CDATA[09:29:07.555 [Test worker] DEBUG org.springframework.test.context.BootstrapUtils - Instantiating CacheAwareContextLoaderDelegate from class [org.springframework.test.context.cache.DefaultCacheAwareContextLoaderDelegate]
09:29:07.564 [Test worker] DEBUG org.springframework.test.context.BootstrapUtils - Instantiating BootstrapContext using constructor [public org.springframework.test.context.support.DefaultBootstrapContext(java.lang.Class,org.springframework.test.context.CacheAwareContextLoaderDelegate)]
09:29:07.580 [Test worker] DEBUG org.springframework.test.context.BootstrapUtils - Instantiating TestContextBootstrapper for test class [MainTest] from class [org.springframework.boot.test.context.SpringBootTestContextBootstrapper]
09:29:07.592 [Test worker] INFO org.springframework.boot.test.context.SpringBootTestContextBootstrapper - Neither @ContextConfiguration nor @ContextHierarchy found for test class [MainTest], using SpringBootContextLoader
09:29:07.594 [Test worker] DEBUG org.springframework.test.context.support.AbstractContextLoader - Did not detect default resource location for test class [MainTest]: class path resource [MainTest-context.xml] does not exist
09:29:07.595 [Test worker] DEBUG org.springframework.test.context.support.AbstractContextLoader - Did not detect default resource location for test class [MainTest]: class path resource [MainTestContext.groovy] does not exist
09:29:07.595 [Test worker] INFO org.springframework.test.context.support.AbstractContextLoader - Could not detect default resource locations for test class [MainTest]: no resource found for suffixes {-context.xml, Context.groovy}.
09:29:07.633 [Test worker] DEBUG org.springframework.test.context.support.ActiveProfilesUtils - Could not find an 'annotation declaring class' for annotation type [org.springframework.test.context.ActiveProfiles] and class [MainTest]
09:29:07.705 [Test worker] DEBUG org.springframework.boot.test.context.SpringBootTestContextBootstrapper - @TestExecutionListeners is not present for class [MainTest]: using defaults.
09:29:07.706 [Test worker] INFO org.springframework.boot.test.context.SpringBootTestContextBootstrapper - Loaded default TestExecutionListener class names from location [META-INF/spring.factories]: [org.springframework.boot.test.autoconfigure.restdocs.RestDocsTestExecutionListener, org.springframework.boot.test.autoconfigure.web.client.MockRestServiceServerResetTestExecutionListener, org.springframework.boot.test.autoconfigure.web.servlet.MockMvcPrintOnlyOnFailureTestExecutionListener, org.springframework.boot.test.autoconfigure.web.servlet.WebDriverTestExecutionListener, org.springframework.boot.test.autoconfigure.webservices.client.MockWebServiceServerTestExecutionListener, org.springframework.boot.test.mock.mockito.MockitoTestExecutionListener, org.springframework.boot.test.mock.mockito.ResetMocksTestExecutionListener, org.springframework.test.context.web.ServletTestExecutionListener, org.springframework.test.context.support.DirtiesContextBeforeModesTestExecutionListener, org.springframework.test.context.event.ApplicationEventsTestExecutionListener, org.springframework.test.context.support.DependencyInjectionTestExecutionListener, org.springframework.test.context.support.DirtiesContextTestExecutionListener, org.springframework.test.context.transaction.TransactionalTestExecutionListener, org.springframework.test.context.jdbc.SqlScriptsTestExecutionListener, org.springframework.test.context.event.EventPublishingTestExecutionListener]
09:29:07.717 [Test worker] DEBUG org.springframework.boot.test.context.SpringBootTestContextBootstrapper - Skipping candidate TestExecutionListener [org.springframework.test.context.transaction.TransactionalTestExecutionListener] due to a missing dependency. Specify custom listener classes or make the default listener classes and their required dependencies available. Offending class: [org/springframework/transaction/interceptor/TransactionAttributeSource]
09:29:07.718 [Test worker] DEBUG org.springframework.boot.test.context.SpringBootTestContextBootstrapper - Skipping candidate TestExecutionListener [org.springframework.test.context.jdbc.SqlScriptsTestExecutionListener] due to a missing dependency. Specify custom listener classes or make the default listener classes and their required dependencies available. Offending class: [org/springframework/transaction/interceptor/TransactionAttribute]
09:29:07.718 [Test worker] INFO org.springframework.boot.test.context.SpringBootTestContextBootstrapper - Using TestExecutionListeners: [org.springframework.test.context.web.ServletTestExecutionListener@159c743c, org.springframework.test.context.support.DirtiesContextBeforeModesTestExecutionListener@23bdf895, org.springframework.test.context.event.ApplicationEventsTestExecutionListener@21d96c50, org.springframework.boot.test.mock.mockito.MockitoTestExecutionListener@4765a4ed, org.springframework.boot.test.autoconfigure.SpringBootDependencyInjectionTestExecutionListener@31ae15a9, org.springframework.test.context.support.DirtiesContextTestExecutionListener@7d1b3a59, org.springframework.test.context.event.EventPublishingTestExecutionListener@174a7246, org.springframework.boot.test.autoconfigure.restdocs.RestDocsTestExecutionListener@7de2fe8e, org.springframework.boot.test.autoconfigure.web.client.MockRestServiceServerResetTestExecutionListener@3ca0bfc6, org.springframework.boot.test.autoconfigure.web.servlet.MockMvcPrintOnlyOnFailureTestExecutionListener@184d93f9, org.springframework.boot.test.autoconfigure.web.servlet.WebDriverTestExecutionListener@5cd11af4, org.springframework.boot.test.autoconfigure.webservices.client.MockWebServiceServerTestExecutionListener@362d996e, org.springframework.boot.test.mock.mockito.ResetMocksTestExecutionListener@fca4ee2]
09:29:07.765 [Test worker] DEBUG org.springframework.boot.ApplicationServletEnvironment - Activating profiles []
09:29:07.765 [Test worker] DEBUG org.springframework.test.context.support.TestPropertySourceUtils - Adding inlined properties to environment: {spring.jmx.enabled=false, org.springframework.boot.test.context.SpringBootTestContextBootstrapper=true}

  .   ____          _            __ _ _
 /\\ / ___'_ __ _ _(_)_ __  __ _ \ \ \ \
( ( )\___ | '_ | '_| | '_ \/ _` | \ \ \ \
 \\/  ___)| |_)| | | | | || (_| |  ) ) ) )
  '  |____| .__|_| |_|_| |_\__, | / / / /
 =========|_|==============|___/=/_/_/_/
 :: Spring Boot ::                (v2.6.1)

2022-01-19 09:29:08.191  INFO 18764 --- [    Test worker] MainTest                                 : Starting MainTest using Java 11.0.12 on Jordans-MacBook-Pro.local with PID 18764 (started by jordanhanson in /Users/jordanhanson/Developer/Practice/CashRegister)
2022-01-19 09:29:08.192  INFO 18764 --- [    Test worker] MainTest                                 : No active profile set, falling back to default profiles: default
2022-01-19 09:29:08.308  INFO 18764 --- [    Test worker] MainTest                                 : Started MainTest in 0.541 seconds (JVM running for 1.366)
]]></system-out>
  <system-err><![CDATA[]]></system-err>
</testsuite>
