<?xml version="1.0" encoding="UTF-8"?>
<testsuite name="MainTest" tests="1" skipped="0" failures="0" errors="0" timestamp="2022-01-20T15:28:25" hostname="Jordans-MacBook-Pro.local" time="0.617">
  <properties/>
  <testcase name="runMain_CorrectOutput()" classname="MainTest" time="0.617"/>
  <system-out><![CDATA[08:28:23.973 [Test worker] DEBUG org.springframework.test.context.BootstrapUtils - Instantiating CacheAwareContextLoaderDelegate from class [org.springframework.test.context.cache.DefaultCacheAwareContextLoaderDelegate]
08:28:23.981 [Test worker] DEBUG org.springframework.test.context.BootstrapUtils - Instantiating BootstrapContext using constructor [public org.springframework.test.context.support.DefaultBootstrapContext(java.lang.Class,org.springframework.test.context.CacheAwareContextLoaderDelegate)]
08:28:23.997 [Test worker] DEBUG org.springframework.test.context.BootstrapUtils - Instantiating TestContextBootstrapper for test class [MainTest] from class [org.springframework.boot.test.context.SpringBootTestContextBootstrapper]
08:28:24.006 [Test worker] INFO org.springframework.boot.test.context.SpringBootTestContextBootstrapper - Neither @ContextConfiguration nor @ContextHierarchy found for test class [MainTest], using SpringBootContextLoader
08:28:24.008 [Test worker] DEBUG org.springframework.test.context.support.AbstractContextLoader - Did not detect default resource location for test class [MainTest]: class path resource [MainTest-context.xml] does not exist
08:28:24.008 [Test worker] DEBUG org.springframework.test.context.support.AbstractContextLoader - Did not detect default resource location for test class [MainTest]: class path resource [MainTestContext.groovy] does not exist
08:28:24.009 [Test worker] INFO org.springframework.test.context.support.AbstractContextLoader - Could not detect default resource locations for test class [MainTest]: no resource found for suffixes {-context.xml, Context.groovy}.
08:28:24.039 [Test worker] DEBUG org.springframework.test.context.support.ActiveProfilesUtils - Could not find an 'annotation declaring class' for annotation type [org.springframework.test.context.ActiveProfiles] and class [MainTest]
08:28:24.136 [Test worker] DEBUG org.springframework.boot.test.context.SpringBootTestContextBootstrapper - @TestExecutionListeners is not present for class [MainTest]: using defaults.
08:28:24.137 [Test worker] INFO org.springframework.boot.test.context.SpringBootTestContextBootstrapper - Loaded default TestExecutionListener class names from location [META-INF/spring.factories]: [org.springframework.boot.test.autoconfigure.restdocs.RestDocsTestExecutionListener, org.springframework.boot.test.autoconfigure.web.client.MockRestServiceServerResetTestExecutionListener, org.springframework.boot.test.autoconfigure.web.servlet.MockMvcPrintOnlyOnFailureTestExecutionListener, org.springframework.boot.test.autoconfigure.web.servlet.WebDriverTestExecutionListener, org.springframework.boot.test.autoconfigure.webservices.client.MockWebServiceServerTestExecutionListener, org.springframework.boot.test.mock.mockito.MockitoTestExecutionListener, org.springframework.boot.test.mock.mockito.ResetMocksTestExecutionListener, org.springframework.test.context.web.ServletTestExecutionListener, org.springframework.test.context.support.DirtiesContextBeforeModesTestExecutionListener, org.springframework.test.context.event.ApplicationEventsTestExecutionListener, org.springframework.test.context.support.DependencyInjectionTestExecutionListener, org.springframework.test.context.support.DirtiesContextTestExecutionListener, org.springframework.test.context.transaction.TransactionalTestExecutionListener, org.springframework.test.context.jdbc.SqlScriptsTestExecutionListener, org.springframework.test.context.event.EventPublishingTestExecutionListener]
08:28:24.147 [Test worker] DEBUG org.springframework.boot.test.context.SpringBootTestContextBootstrapper - Skipping candidate TestExecutionListener [org.springframework.test.context.transaction.TransactionalTestExecutionListener] due to a missing dependency. Specify custom listener classes or make the default listener classes and their required dependencies available. Offending class: [org/springframework/transaction/TransactionDefinition]
08:28:24.147 [Test worker] DEBUG org.springframework.boot.test.context.SpringBootTestContextBootstrapper - Skipping candidate TestExecutionListener [org.springframework.test.context.jdbc.SqlScriptsTestExecutionListener] due to a missing dependency. Specify custom listener classes or make the default listener classes and their required dependencies available. Offending class: [org/springframework/transaction/interceptor/TransactionAttribute]
08:28:24.147 [Test worker] INFO org.springframework.boot.test.context.SpringBootTestContextBootstrapper - Using TestExecutionListeners: [org.springframework.test.context.web.ServletTestExecutionListener@337949e3, org.springframework.test.context.support.DirtiesContextBeforeModesTestExecutionListener@51615ad4, org.springframework.test.context.event.ApplicationEventsTestExecutionListener@111be793, org.springframework.boot.test.mock.mockito.MockitoTestExecutionListener@1d78aacd, org.springframework.boot.test.autoconfigure.SpringBootDependencyInjectionTestExecutionListener@64b7ced0, org.springframework.test.context.support.DirtiesContextTestExecutionListener@3fdb9f68, org.springframework.test.context.event.EventPublishingTestExecutionListener@7132c07f, org.springframework.boot.test.autoconfigure.restdocs.RestDocsTestExecutionListener@29c43256, org.springframework.boot.test.autoconfigure.web.client.MockRestServiceServerResetTestExecutionListener@735fb8f0, org.springframework.boot.test.autoconfigure.web.servlet.MockMvcPrintOnlyOnFailureTestExecutionListener@109c492c, org.springframework.boot.test.autoconfigure.web.servlet.WebDriverTestExecutionListener@77ca5278, org.springframework.boot.test.autoconfigure.webservices.client.MockWebServiceServerTestExecutionListener@7f949855, org.springframework.boot.test.mock.mockito.ResetMocksTestExecutionListener@7182276f]
08:28:24.191 [Test worker] DEBUG org.springframework.boot.ApplicationServletEnvironment - Activating profiles []
08:28:24.192 [Test worker] DEBUG org.springframework.test.context.support.TestPropertySourceUtils - Adding inlined properties to environment: {spring.jmx.enabled=false, org.springframework.boot.test.context.SpringBootTestContextBootstrapper=true}

  .   ____          _            __ _ _
 /\\ / ___'_ __ _ _(_)_ __  __ _ \ \ \ \
( ( )\___ | '_ | '_| | '_ \/ _` | \ \ \ \
 \\/  ___)| |_)| | | | | || (_| |  ) ) ) )
  '  |____| .__|_| |_|_| |_\__, | / / / /
 =========|_|==============|___/=/_/_/_/
 :: Spring Boot ::                (v2.6.1)

2022-01-20 08:28:24.405  INFO 66560 --- [    Test worker] MainTest                                 : Starting MainTest using Java 11.0.12 on Jordans-MBP.home with PID 66560 (started by jordanhanson in /Users/jordanhanson/Developer/Practice/CashRegister)
2022-01-20 08:28:24.405  INFO 66560 --- [    Test worker] MainTest                                 : No active profile set, falling back to default profiles: default
2022-01-20 08:28:25.306  INFO 66560 --- [    Test worker] MainTest                                 : Started MainTest in 1.112 seconds (JVM running for 1.92)
]]></system-out>
  <system-err><![CDATA[]]></system-err>
</testsuite>
